<?xml version="1.0" encoding="UTF-8"?>
<!-- Generated by org.testng.reporters.JUnitReportReporter -->
<testsuite hostname="CNI1687L" failures="0" tests="1" name="com.automation.tests.LoginTests" time="26.214" errors="0" timestamp="2020-05-06T22:41:27 IST" skipped="0">
  <testcase classname="com.automation.tests.LoginTests" name="Login_Create_And_Post_A_Message" time="26.214"/>
  <system-out/>
</testsuite> <!-- com.automation.tests.LoginTests -->
